# JRE version: OpenJDK Runtime Environment Temurin-21.0.12.1+1 (21.0.12.1+1) (build 21.0.12.1+1-LTS)
# Java VM: OpenJDK 64-Bit Server VM Temurin-21.0.12.1+1 (21.0.12.1+1-LTS, mixed mode, sharing, tiered, compressed oops, compressed class ptrs, parallel gc, windows-amd64)
GC Precious Log:
 CardTable entry size: 512
 CPUs: 8 total, 8 available
 Memory: 7379M
 Large Page Support: Disabled
 NUMA Support: Disabled
 Compressed Oops: Enabled (32-bit)
 Alignments: Space 512K, Generation 512K, Heap 2M
 Heap Min Capacity: 100M
 Heap Initial Capacity: 100M
 Heap Max Capacity: 2G
 Pre-touch: Disabled
 Parallel Workers: 8
Heap:
 PSYoungGen      total 11776K, used 3980K [0x00000000d5580000, 0x00000000d6280000, 0x0000000100000000)
  eden space 11264K, 32% used [0x00000000d5580000,0x00000000d591b360,0x00000000d6080000)
  from space 512K, 56% used [0x00000000d6200000,0x00000000d6248000,0x00000000d6280000)
  to   space 512K, 0% used [0x00000000d6180000,0x00000000d6180000,0x00000000d6200000)
 ParOldGen       total 519680K, used 519228K [0x0000000080000000, 0x000000009fb80000, 0x00000000d5580000)
  object space 519680K, 99% used [0x0000000080000000,0x000000009fb0f1f8,0x000000009fb80000)
 Metaspace       used 66261K, committed 67776K, reserved 1114112K
  class space    used 6919K, committed 7552K, reserved 1048576K
GC Heap History (20 events):
Event: 5469.293 GC heap before
{Heap before GC invocations=208 (full 3):
 PSYoungGen      total 11776K, used 11647K [0x00000000d5580000, 0x00000000d6280000, 0x0000000100000000)
  eden space 11264K, 100% used [0x00000000d5580000,0x00000000d6080000,0x00000000d6080000)
  from space 512K, 74% used [0x00000000d6200000,0x00000000d625fcc8,0x00000000d6280000)
  to   space 512K, 0% used [0x00000000d6180000,0x00000000d6180000,0x00000000d6200000)
 ParOldGen       total 518656K, used 518253K [0x0000000080000000, 0x000000009fa80000, 0x00000000d5580000)
  object space 518656K, 99% used [0x0000000080000000,0x000000009fa1b4d8,0x000000009fa80000)
 Metaspace       used 66232K, committed 67776K, reserved 1114112K
  class space    used 6919K, committed 7552K, reserved 1048576K
}
Event: 5469.295 GC heap after
{Heap after GC invocations=208 (full 3):
 PSYoungGen      total 11776K, used 411K [0x00000000d5580000, 0x00000000d6280000, 0x0000000100000000)
  eden space 11264K, 0% used [0x00000000d5580000,0x00000000d5580000,0x00000000d6080000)
  from space 512K, 80% used [0x00000000d6180000,0x00000000d61e6ec8,0x00000000d6200000)
  to   space 512K, 0% used [0x00000000d6200000,0x00000000d6200000,0x00000000d6280000)
 ParOldGen       total 518656K, used 518301K [0x0000000080000000, 0x000000009fa80000, 0x00000000d5580000)
  object space 518656K, 99% used [0x0000000080000000,0x000000009fa274d8,0x000000009fa80000)
 Metaspace       used 66232K, committed 67776K, reserved 1114112K
  class space    used 6919K, committed 7552K, reserved 1048576K
}
Event: 5469.358 GC heap before
{Heap before GC invocations=209 (full 3):
 PSYoungGen      total 11776K, used 11675K [0x00000000d5580000, 0x00000000d6280000, 0x0000000100000000)
  eden space 11264K, 100% used [0x00000000d5580000,0x00000000d6080000,0x00000000d6080000)
  from space 512K, 80% used [0x00000000d6180000,0x00000000d61e6ec8,0x00000000d6200000)
  to   space 512K, 0% used [0x00000000d6200000,0x00000000d6200000,0x00000000d6280000)
 ParOldGen       total 518656K, used 518301K [0x0000000080000000, 0x000000009fa80000, 0x00000000d5580000)
  object space 518656K, 99% used [0x0000000080000000,0x000000009fa274d8,0x000000009fa80000)
 Metaspace       used 66232K, committed 67776K, reserved 1114112K
  class space    used 6919K, committed 7552K, reserved 1048576K
}
Event: 5469.360 GC heap after
{Heap after GC invocations=209 (full 3):
 PSYoungGen      total 11776K, used 352K [0x00000000d5580000, 0x00000000d6280000, 0x0000000100000000)
  eden space 11264K, 0% used [0x00000000d5580000,0x00000000d5580000,0x00000000d6080000)
  from space 512K, 68% used [0x00000000d6200000,0x00000000d6258288,0x00000000d6280000)
  to   space 512K, 0% used [0x00000000d6180000,0x00000000d6180000,0x00000000d6200000)
 ParOldGen       total 518656K, used 518357K [0x0000000080000000, 0x000000009fa80000, 0x00000000d5580000)
  object space 518656K, 99% used [0x0000000080000000,0x000000009fa354d8,0x000000009fa80000)
 Metaspace       used 66232K, committed 67776K, reserved 1114112K
  class space    used 6919K, committed 7552K, reserved 1048576K
}
Event: 5469.424 GC heap before
{Heap before GC invocations=210 (full 3):
 PSYoungGen      total 11776K, used 11616K [0x00000000d5580000, 0x00000000d6280000, 0x0000000100000000)
  eden space 11264K, 100% used [0x00000000d5580000,0x00000000d6080000,0x00000000d6080000)
  from space 512K, 68% used [0x00000000d6200000,0x00000000d6258288,0x00000000d6280000)
  to   space 512K, 0% used [0x00000000d6180000,0x00000000d6180000,0x00000000d6200000)
 ParOldGen       total 518656K, used 518357K [0x0000000080000000, 0x000000009fa80000, 0x00000000d5580000)
  object space 518656K, 99% used [0x0000000080000000,0x000000009fa354d8,0x000000009fa80000)
 Metaspace       used 66232K, committed 67776K, reserved 1114112K
  class space    used 6919K, committed 7552K, reserved 1048576K
}
Event: 5469.426 GC heap after
{Heap after GC invocations=210 (full 3):
 PSYoungGen      total 11776K, used 256K [0x00000000d5580000, 0x00000000d6280000, 0x0000000100000000)
  eden space 11264K, 0% used [0x00000000d5580000,0x00000000d5580000,0x00000000d6080000)
  from space 512K, 50% used [0x00000000d6180000,0x00000000d61c0000,0x00000000d6200000)
  to   space 512K, 0% used [0x00000000d6200000,0x00000000d6200000,0x00000000d6280000)
 ParOldGen       total 518656K, used 518421K [0x0000000080000000, 0x000000009fa80000, 0x00000000d5580000)
  object space 518656K, 99% used [0x0000000080000000,0x000000009fa454d8,0x000000009fa80000)
 Metaspace       used 66232K, committed 67776K, reserved 1114112K
  class space    used 6919K, committed 7552K, reserved 1048576K
}
Event: 5469.498 GC heap before
{Heap before GC invocations=211 (full 3):
 PSYoungGen      total 11776K, used 11520K [0x00000000d5580000, 0x00000000d6280000, 0x0000000100000000)
  eden space 11264K, 100% used [0x00000000d5580000,0x00000000d6080000,0x00000000d6080000)
  from space 512K, 50% used [0x00000000d6180000,0x00000000d61c0000,0x00000000d6200000)
  to   space 512K, 0% used [0x00000000d6200000,0x00000000d6200000,0x00000000d6280000)
 ParOldGen       total 518656K, used 518421K [0x0000000080000000, 0x000000009fa80000, 0x00000000d5580000)
  object space 518656K, 99% used [0x0000000080000000,0x000000009fa454d8,0x000000009fa80000)
 Metaspace       used 66232K, committed 67776K, reserved 1114112K
  class space    used 6919K, committed 7552K, reserved 1048576K
}
Event: 5469.500 GC heap after
{Heap after GC invocations=211 (full 3):
 PSYoungGen      total 11776K, used 256K [0x00000000d5580000, 0x00000000d6280000, 0x0000000100000000)
  eden space 11264K, 0% used [0x00000000d5580000,0x00000000d5580000,0x00000000d6080000)
  from space 512K, 50% used [0x00000000d6200000,0x00000000d6240000,0x00000000d6280000)
  to   space 512K, 0% used [0x00000000d6180000,0x00000000d6180000,0x00000000d6200000)
 ParOldGen       total 518656K, used 518477K [0x0000000080000000, 0x000000009fa80000, 0x00000000d5580000)
  object space 518656K, 99% used [0x0000000080000000,0x000000009fa534d8,0x000000009fa80000)
 Metaspace       used 66232K, committed 67776K, reserved 1114112K
  class space    used 6919K, committed 7552K, reserved 1048576K
}
Event: 5469.566 GC heap before
{Heap before GC invocations=212 (full 3):
 PSYoungGen      total 11776K, used 11520K [0x00000000d5580000, 0x00000000d6280000, 0x0000000100000000)
  eden space 11264K, 100% used [0x00000000d5580000,0x00000000d6080000,0x00000000d6080000)
  from space 512K, 50% used [0x00000000d6200000,0x00000000d6240000,0x00000000d6280000)
  to   space 512K, 0% used [0x00000000d6180000,0x00000000d6180000,0x00000000d6200000)
 ParOldGen       total 518656K, used 518477K [0x0000000080000000, 0x000000009fa80000, 0x00000000d5580000)
  object space 518656K, 99% used [0x0000000080000000,0x000000009fa534d8,0x000000009fa80000)
 Metaspace       used 66232K, committed 67776K, reserved 1114112K
  class space    used 6919K, committed 7552K, reserved 1048576K
}
Event: 5469.567 GC heap after
{Heap after GC invocations=212 (full 3):
 PSYoungGen      total 11776K, used 381K [0x00000000d5580000, 0x00000000d6280000, 0x0000000100000000)
  eden space 11264K, 0% used [0x00000000d5580000,0x00000000d5580000,0x00000000d6080000)
  from space 512K, 74% used [0x00000000d6180000,0x00000000d61df638,0x00000000d6200000)
  to   space 512K, 0% used [0x00000000d6200000,0x00000000d6200000,0x00000000d6280000)
 ParOldGen       total 518656K, used 518533K [0x0000000080000000, 0x000000009fa80000, 0x00000000d5580000)
  object space 518656K, 99% used [0x0000000080000000,0x000000009fa614d8,0x000000009fa80000)
 Metaspace       used 66232K, committed 67776K, reserved 1114112K
  class space    used 6919K, committed 7552K, reserved 1048576K
}
Event: 5469.671 GC heap before
{Heap before GC invocations=213 (full 3):
 PSYoungGen      total 11776K, used 11645K [0x00000000d5580000, 0x00000000d6280000, 0x0000000100000000)
  eden space 11264K, 100% used [0x00000000d5580000,0x00000000d6080000,0x00000000d6080000)
  from space 512K, 74% used [0x00000000d6180000,0x00000000d61df638,0x00000000d6200000)
  to   space 512K, 0% used [0x00000000d6200000,0x00000000d6200000,0x00000000d6280000)
 ParOldGen       total 518656K, used 518533K [0x0000000080000000, 0x000000009fa80000, 0x00000000d5580000)
  object space 518656K, 99% used [0x0000000080000000,0x000000009fa614d8,0x000000009fa80000)
 Metaspace       used 66232K, committed 67776K, reserved 1114112K
  class space    used 6919K, committed 7552K, reserved 1048576K
}
Event: 5469.672 GC heap after
{Heap after GC invocations=213 (full 3):
 PSYoungGen      total 11776K, used 346K [0x00000000d5580000, 0x00000000d6280000, 0x0000000100000000)
  eden space 11264K, 0% used [0x00000000d5580000,0x00000000d5580000,0x00000000d6080000)
  from space 512K, 67% used [0x00000000d6200000,0x00000000d6256900,0x00000000d6280000)
  to   space 512K, 0% used [0x00000000d6180000,0x00000000d6180000,0x00000000d6200000)
 ParOldGen       total 518656K, used 518565K [0x0000000080000000, 0x000000009fa80000, 0x00000000d5580000)
  object space 518656K, 99% used [0x0000000080000000,0x000000009fa694d8,0x000000009fa80000)
 Metaspace       used 66232K, committed 67776K, reserved 1114112K
  class space    used 6919K, committed 7552K, reserved 1048576K
}
Event: 5469.696 GC heap before
{Heap before GC invocations=214 (full 3):
 PSYoungGen      total 11776K, used 11610K [0x00000000d5580000, 0x00000000d6280000, 0x0000000100000000)
  eden space 11264K, 100% used [0x00000000d5580000,0x00000000d6080000,0x00000000d6080000)
  from space 512K, 67% used [0x00000000d6200000,0x00000000d6256900,0x00000000d6280000)
  to   space 512K, 0% used [0x00000000d6180000,0x00000000d6180000,0x00000000d6200000)
 ParOldGen       total 518656K, used 518565K [0x0000000080000000, 0x000000009fa80000, 0x00000000d5580000)
  object space 518656K, 99% used [0x0000000080000000,0x000000009fa694d8,0x000000009fa80000)
 Metaspace       used 66232K, committed 67776K, reserved 1114112K
  class space    used 6919K, committed 7552K, reserved 1048576K
}
Event: 5469.698 GC heap after
{Heap after GC invocations=214 (full 3):
 PSYoungGen      total 11776K, used 354K [0x00000000d5580000, 0x00000000d6280000, 0x0000000100000000)
  eden space 11264K, 0% used [0x00000000d5580000,0x00000000d5580000,0x00000000d6080000)
  from space 512K, 69% used [0x00000000d6180000,0x00000000d61d89a8,0x00000000d6200000)
  to   space 512K, 0% used [0x00000000d6200000,0x00000000d6200000,0x00000000d6280000)
 ParOldGen       total 519168K, used 519060K [0x0000000080000000, 0x000000009fb00000, 0x00000000d5580000)
  object space 519168K, 99% used [0x0000000080000000,0x000000009fae51f8,0x000000009fb00000)
 Metaspace       used 66232K, committed 67776K, reserved 1114112K
  class space    used 6919K, committed 7552K, reserved 1048576K
}
Event: 5469.740 GC heap before
{Heap before GC invocations=215 (full 3):
 PSYoungGen      total 11776K, used 11618K [0x00000000d5580000, 0x00000000d6280000, 0x0000000100000000)
  eden space 11264K, 100% used [0x00000000d5580000,0x00000000d6080000,0x00000000d6080000)
  from space 512K, 69% used [0x00000000d6180000,0x00000000d61d89a8,0x00000000d6200000)
  to   space 512K, 0% used [0x00000000d6200000,0x00000000d6200000,0x00000000d6280000)
 ParOldGen       total 519168K, used 519060K [0x0000000080000000, 0x000000009fb00000, 0x00000000d5580000)
  object space 519168K, 99% used [0x0000000080000000,0x000000009fae51f8,0x000000009fb00000)
 Metaspace       used 66232K, committed 67776K, reserved 1114112K
  class space    used 6919K, committed 7552K, reserved 1048576K
}
Event: 5469.741 GC heap after
{Heap after GC invocations=215 (full 3):
 PSYoungGen      total 11776K, used 320K [0x00000000d5580000, 0x00000000d6280000, 0x0000000100000000)
  eden space 11264K, 0% used [0x00000000d5580000,0x00000000d5580000,0x00000000d6080000)
  from space 512K, 62% used [0x00000000d6200000,0x00000000d6250288,0x00000000d6280000)
  to   space 512K, 0% used [0x00000000d6180000,0x00000000d6180000,0x00000000d6200000)
 ParOldGen       total 519168K, used 519108K [0x0000000080000000, 0x000000009fb00000, 0x00000000d5580000)
  object space 519168K, 99% used [0x0000000080000000,0x000000009faf11f8,0x000000009fb00000)
 Metaspace       used 66232K, committed 67776K, reserved 1114112K
  class space    used 6919K, committed 7552K, reserved 1048576K
}
Event: 5469.778 GC heap before
{Heap before GC invocations=216 (full 3):
 PSYoungGen      total 11776K, used 11584K [0x00000000d5580000, 0x00000000d6280000, 0x0000000100000000)
  eden space 11264K, 100% used [0x00000000d5580000,0x00000000d6080000,0x00000000d6080000)
  from space 512K, 62% used [0x00000000d6200000,0x00000000d6250288,0x00000000d6280000)
  to   space 512K, 0% used [0x00000000d6180000,0x00000000d6180000,0x00000000d6200000)
 ParOldGen       total 519168K, used 519108K [0x0000000080000000, 0x000000009fb00000, 0x00000000d5580000)
  object space 519168K, 99% used [0x0000000080000000,0x000000009faf11f8,0x000000009fb00000)
 Metaspace       used 66232K, committed 67776K, reserved 1114112K
  class space    used 6919K, committed 7552K, reserved 1048576K
}
Event: 5469.780 GC heap after
{Heap after GC invocations=216 (full 3):
 PSYoungGen      total 11776K, used 381K [0x00000000d5580000, 0x00000000d6280000, 0x0000000100000000)
  eden space 11264K, 0% used [0x00000000d5580000,0x00000000d5580000,0x00000000d6080000)
  from space 512K, 74% used [0x00000000d6180000,0x00000000d61df638,0x00000000d6200000)
  to   space 512K, 0% used [0x00000000d6200000,0x00000000d6200000,0x00000000d6280000)
 ParOldGen       total 519168K, used 519156K [0x0000000080000000, 0x000000009fb00000, 0x00000000d5580000)
  object space 519168K, 99% used [0x0000000080000000,0x000000009fafd1f8,0x000000009fb00000)
 Metaspace       used 66232K, committed 67776K, reserved 1114112K
  class space    used 6919K, committed 7552K, reserved 1048576K
}
Event: 5470.923 GC heap before
{Heap before GC invocations=217 (full 3):
 PSYoungGen      total 11776K, used 11645K [0x00000000d5580000, 0x00000000d6280000, 0x0000000100000000)
  eden space 11264K, 100% used [0x00000000d5580000,0x00000000d6080000,0x00000000d6080000)
  from space 512K, 74% used [0x00000000d6180000,0x00000000d61df638,0x00000000d6200000)
  to   space 512K, 0% used [0x00000000d6200000,0x00000000d6200000,0x00000000d6280000)
 ParOldGen       total 519168K, used 519156K [0x0000000080000000, 0x000000009fb00000, 0x00000000d5580000)
  object space 519168K, 99% used [0x0000000080000000,0x000000009fafd1f8,0x000000009fb00000)
 Metaspace       used 66237K, committed 67776K, reserved 1114112K
  class space    used 6919K, committed 7552K, reserved 1048576K
}
Event: 5471.027 GC heap after
{Heap after GC invocations=217 (full 3):
 PSYoungGen      total 11776K, used 288K [0x00000000d5580000, 0x00000000d6280000, 0x0000000100000000)
  eden space 11264K, 0% used [0x00000000d5580000,0x00000000d5580000,0x00000000d6080000)
  from space 512K, 56% used [0x00000000d6200000,0x00000000d6248000,0x00000000d6280000)
  to   space 512K, 0% used [0x00000000d6180000,0x00000000d6180000,0x00000000d6200000)
 ParOldGen       total 519680K, used 519228K [0x0000000080000000, 0x000000009fb80000, 0x00000000d5580000)
  object space 519680K, 99% used [0x0000000080000000,0x000000009fb0f1f8,0x000000009fb80000)
 Metaspace       used 66237K, committed 67776K, reserved 1114112K
  class space    used 6919K, committed 7552K, reserved 1048576K
}

